
> @studyhub/web@0.1.0 dev
> next dev

   ▲ Next.js 15.3.2
   - Local:        http://localhost:3000
   - Network:      http://192.168.1.9:3000
   - Environments: .env

 ✓ Starting...
 ✓ Ready in 24.2s
 ○ Compiling /login ...
 ✓ Compiled /login in 18.6s (735 modules)
 GET /login 200 in 19319ms
 GET /login 200 in 20481ms
 ○ Compiling /middleware ...
 ✓ Compiled /middleware in 4s (163 modules)
 GET /login 200 in 347ms
 ○ Compiling /dashboard ...
 ✓ Compiled /dashboard in 8.9s (742 modules)
 GET /dashboard 200 in 11333ms
 ○ Compiling /_not-found ...
 ✓ Compiled /_not-found in 3.5s (732 modules)
 GET /.well-known/appspecific/com.chrome.devtools.json 404 in 7101ms
 ○ Compiling /api/courses ...
 ✓ Compiled /api/courses in 12s (919 modules)
 GET /dashboard 200 in 352ms
 GET /api/auth/me 200 in 16017ms
 GET /api/courses 200 in 16171ms
 ○ Compiling /courses/[id] ...
 ✓ Compiled /courses/[id] in 2.9s (945 modules)
 GET /courses/1 200 in 5884ms
 ○ Compiling /profile ...
 ✓ Compiled /profile in 4.1s (966 modules)
 GET /profile 200 in 4701ms
 GET /courses/1 200 in 4291ms
 ○ Compiling /admin ...
 ✓ Compiled /admin in 3.1s (979 modules)
 GET /admin 200 in 3823ms
 GET /profile 200 in 74ms
 GET /api/auth/me 200 in 893ms
 GET /api/auth/me 200 in 147ms
 GET /api/auth/me 200 in 214ms
 GET /admin 200 in 82ms
 GET /api/auth/me 200 in 659ms
 ○ Compiling /api/admin/users ...
 ✓ Compiled /api/admin/users in 2.3s (981 modules)
 GET /admin 200 in 183ms
 GET /api/admin/users 200 in 3680ms
 GET /api/admin/users 200 in 183ms
 GET /dashboard 200 in 100ms
 GET /api/auth/me 200 in 218ms
 GET /api/courses 200 in 462ms
 GET /api/courses 200 in 162ms
 GET /courses/1 200 in 205ms
 ○ Compiling /api/courses/[id] ...
 GET /api/auth/me 200 in 2133ms
 ✓ Compiled /api/courses/[id] in 5.5s (979 modules)
 ✓ Compiled in 9.1s (351 modules)
 GET /courses/1 200 in 8167ms
 GET /api/courses/1 200 in 24497ms
 GET /api/courses/1 200 in 1004ms
 GET /courses/1 200 in 1650ms
 GET /courses/1 200 in 3758ms
 ○ Compiling /_not-found ...
 ✓ Compiled /_not-found in 12.7s (973 modules)
 GET /.well-known/appspecific/com.chrome.devtools.json 404 in 12976ms
 GET /api/auth/me 200 in 174ms
 GET /api/courses/1 200 in 263ms
 GET /api/courses/1/modules 200 in 127ms
 ○ Compiling /api/modules/[id]/materials ...
 ✓ Compiled /api/modules/[id]/materials in 3.6s (975 modules)
 GET /courses/1 200 in 328ms
 GET /api/modules/1/materials 200 in 8412ms
 ○ Compiling /api/favorites ...
 ✓ Compiled /api/favorites in 1233ms (963 modules)
 GET /api/favorites 200 in 1580ms
 ✓ Compiled in 2.5s (354 modules)
 ✓ Compiled in 2.1s (354 modules)
 ✓ Compiled in 969ms (354 modules)
 ○ Compiling /admin ...
 ✓ Compiled /_error in 130.8s (1127 modules)
 GET /dashboard 500 in 178771ms
 GET /dashboard 500 in 129226ms
 GET /dashboard 500 in 129232ms
 GET /admin 200 in 130147ms
 GET /admin 200 in 130190ms
 ✓ Compiled in 1953ms (599 modules)
 ✓ Compiled in 1049ms (599 modules)
 GET /admin 200 in 96ms
 GET /admin 200 in 109ms
 GET /admin 200 in 76ms
 GET /admin 200 in 662ms
 GET /admin 200 in 103ms
 GET /admin 200 in 155ms
 GET /admin 200 in 56ms
 GET /dashboard 200 in 4955ms
 ✓ Compiled in 3.8s (599 modules)
 ○ Compiling /_not-found ...
 ✓ Compiled /_not-found in 7s (1088 modules)
 GET /.well-known/appspecific/com.chrome.devtools.json 404 in 8045ms
 ✓ Compiled in 2.8s (602 modules)
 ✓ Compiled in 1053ms (602 modules)
 ○ Compiling /api/courses ...
 ✓ Compiled /api/favorites in 4.7s (669 modules)
 ✓ Compiled (674 modules)
 GET /api/auth/me 200 in 13622ms
 GET /api/courses 200 in 13575ms
 GET /api/favorites 200 in 13120ms
 ✓ Compiled in 3.7s (602 modules)
 GET /dashboard 200 in 3400ms
 GET /dashboard 200 in 89ms
 ✓ Compiled in 5.3s (1272 modules)
 GET /dashboard 200 in 320ms
 GET /api/courses 200 in 955ms
 GET /api/favorites 200 in 1169ms
