Register error: Error: Failed query: select "id" from "users" where "users"."email" = $1 limit $2
params: r3dbg1777110156@example.com,1
    at aE.queryWithCache (C:\Users\mariy\Projects\20260327 Capstone\apps\web\.next\server\chunks\7119.js:8:36750)
    at async aE.execute (C:\Users\mariy\Projects\20260327 Capstone\apps\web\.next\server\chunks\7119.js:8:39119)
    at async D (C:\Users\mariy\Projects\20260327 Capstone\apps\web\.next\server\app\api\auth\register\route.js:1:2351)
    at async k (C:\Users\mariy\Projects\20260327 Capstone\apps\web\.next\server\app\api\auth\register\route.js:1:5832)
    at async g (C:\Users\mariy\Projects\20260327 Capstone\apps\web\.next\server\app\api\auth\register\route.js:1:6835)
    at async J (C:\Users\mariy\Projects\20260327 Capstone\apps\web\.next\server\app\api\auth\register\route.js:1:7957) {
  query: 'select "id" from "users" where "users"."email" = $1 limit $2',
  params: [Array],
  [cause]: Error [NeonDbError]: Error connecting to database: TypeError: fetch failed
      at bv.execute (C:\Users\mariy\Projects\20260327 Capstone\apps\web\.next\server\chunks\7119.js:36:3180)
      at async (C:\Users\mariy\Projects\20260327 Capstone\apps\web\.next\server\chunks\7119.js:8:39162)
      at async aE.queryWithCache (C:\Users\mariy\Projects\20260327 Capstone\apps\web\.next\server\chunks\7119.js:8:36725)
      at async aE.execute (C:\Users\mariy\Projects\20260327 Capstone\apps\web\.next\server\chunks\7119.js:8:39119)
      at async D (C:\Users\mariy\Projects\20260327 Capstone\apps\web\.next\server\app\api\auth\register\route.js:1:2351)
      at async k (C:\Users\mariy\Projects\20260327 Capstone\apps\web\.next\server\app\api\auth\register\route.js:1:5832) {
    severity: undefined,
    code: undefined,
    detail: undefined,
    hint: undefined,
    position: undefined,
    internalPosition: undefined,
    internalQuery: undefined,
    where: undefined,
    schema: undefined,
    table: undefined,
    column: undefined,
    dataType: undefined,
    constraint: undefined,
    file: undefined,
    line: undefined,
    routine: undefined,
    sourceError: TypeError: fetch failed
        at async bv.execute (C:\Users\mariy\Projects\20260327 Capstone\apps\web\.next\server\chunks\7119.js:36:3091)
        at async (C:\Users\mariy\Projects\20260327 Capstone\apps\web\.next\server\chunks\7119.js:8:39162)
        at async aE.queryWithCache (C:\Users\mariy\Projects\20260327 Capstone\apps\web\.next\server\chunks\7119.js:8:36725)
        at async aE.execute (C:\Users\mariy\Projects\20260327 Capstone\apps\web\.next\server\chunks\7119.js:8:39119)
        at async D (C:\Users\mariy\Projects\20260327 Capstone\apps\web\.next\server\app\api\auth\register\route.js:1:2351)
        at async k (C:\Users\mariy\Projects\20260327 Capstone\apps\web\.next\server\app\api\auth\register\route.js:1:5832) {
      [cause]: [AggregateError: ] { code: 'EACCES' }
    }
  }
}
