0 verbose cli C:\Program Files\nodejs\node.exe C:\Program Files\nodejs\node_modules\npm\bin\npm-cli.js
1 info using npm@10.9.4
2 info using node@v22.21.0
3 silly config load:file:C:\Program Files\nodejs\node_modules\npm\npmrc
4 silly config load:file:C:\Users\mariy\Projects\20260327 Capstone\.npmrc
5 silly config load:file:C:\Users\mariy\.npmrc
6 silly config load:file:C:\Users\mariy\AppData\Roaming\npm\etc\npmrc
7 verbose title npm pack @expo-google-fonts/shantell-sans
8 verbose argv "--cache" ".npm-cache" "pack" "@expo-google-fonts/shantell-sans"
9 verbose logfile logs-max:10 dir:C:\Users\mariy\Projects\20260327 Capstone\.npm-cache\_logs\2026-04-09T09_44_19_871Z-
10 verbose logfile C:\Users\mariy\Projects\20260327 Capstone\.npm-cache\_logs\2026-04-09T09_44_19_871Z-debug-0.log
11 silly logfile done cleaning log files
12 http fetch GET https://registry.npmjs.org/npm attempt 1 failed with EACCES
13 http fetch GET https://registry.npmjs.org/@expo-google-fonts%2fshantell-sans attempt 1 failed with EACCES
14 http fetch GET https://registry.npmjs.org/npm attempt 2 failed with EACCES
15 http fetch GET https://registry.npmjs.org/@expo-google-fonts%2fshantell-sans attempt 2 failed with EACCES
16 http fetch GET https://registry.npmjs.org/npm attempt 3 failed with EACCES
17 http fetch GET https://registry.npmjs.org/@expo-google-fonts%2fshantell-sans attempt 3 failed with EACCES
18 verbose type system
19 verbose stack FetchError: request to https://registry.npmjs.org/@expo-google-fonts%2fshantell-sans failed, reason: 
19 verbose stack     at ClientRequest.<anonymous> (C:\Program Files\nodejs\node_modules\npm\node_modules\minipass-fetch\lib\index.js:130:14)
19 verbose stack     at ClientRequest.emit (node:events:519:28)
19 verbose stack     at emitErrorEvent (node:_http_client:107:11)
19 verbose stack     at _destroy (node:_http_client:954:9)
19 verbose stack     at onSocketNT (node:_http_client:974:5)
19 verbose stack     at process.processTicksAndRejections (node:internal/process/task_queues:91:21)
20 error code EACCES
21 error errno EACCES
22 error FetchError: request to https://registry.npmjs.org/@expo-google-fonts%2fshantell-sans failed, reason: 
22 error     at ClientRequest.<anonymous> (C:\Program Files\nodejs\node_modules\npm\node_modules\minipass-fetch\lib\index.js:130:14)
22 error     at ClientRequest.emit (node:events:519:28)
22 error     at emitErrorEvent (node:_http_client:107:11)
22 error     at _destroy (node:_http_client:954:9)
22 error     at onSocketNT (node:_http_client:974:5)
22 error     at process.processTicksAndRejections (node:internal/process/task_queues:91:21) {
22 error   code: 'EACCES',
22 error   errno: 'EACCES',
22 error   type: 'system'
22 error }
23 error
23 error The operation was rejected by your operating system.
23 error It's possible that the file was already in use (by a text editor or antivirus),
23 error or that you lack permissions to access it.
23 error
23 error If you believe this might be a permissions issue, please double-check the
23 error permissions of the file and its containing directories, or try running
23 error the command again as root/Administrator.
24 verbose cwd C:\Users\mariy\Projects\20260327 Capstone
25 verbose os Windows_NT 10.0.26200
26 verbose node v22.21.0
27 verbose npm  v10.9.4
28 verbose exit 1
29 verbose code 1
30 error A complete log of this run can be found in: C:\Users\mariy\Projects\20260327 Capstone\.npm-cache\_logs\2026-04-09T09_44_19_871Z-debug-0.log
